<?xml version="1.0" encoding="UTF-8"?>
<!-- Generated by org.testng.reporters.JUnitXMLReporter -->
<testsuite ignored="0" hostname="LP-000873.local" failures="2" tests="16" name="Login Page Test" time="139.276" errors="0" timestamp="2025-07-25T19:04:16 IST">
  <testcase classname="com.qa.crm2.tests.LoginPageTest" name="loginPageTitleTest" time="2.098">
    <skipped/>
  </testcase> <!-- loginPageTitleTest -->
  <testcase classname="com.qa.crm2.tests.AddToCartPageTest" name="addToCartPageTitleTest" time="39.035"/>
  <testcase classname="com.qa.crm2.tests.LoginPageTest" name="loginPageTitleTest" time="2.113">
    <skipped/>
  </testcase> <!-- loginPageTitleTest -->
  <testcase classname="com.qa.crm2.tests.LoginPageTest" name="loginPageTitleTest" time="2.22">
    <skipped/>
  </testcase> <!-- loginPageTitleTest -->
  <testcase classname="com.qa.crm2.tests.LoginPageTest" name="loginPageTitleTest" time="2.106">
    <failure type="java.lang.AssertionError" message="=====PAGE TITLE NOT FOUND===== expected [Account Login1] but found [Account Login]">
      <![CDATA[java.lang.AssertionError: =====PAGE TITLE NOT FOUND===== expected [Account Login1] but found [Account Login]
at com.qa.crm2.tests.LoginPageTest.loginPageTitleTest(LoginPageTest.java:30)
at java.base/java.util.ArrayList.forEach(ArrayList.java:1511)
at java.base/java.util.concurrent.FutureTask.run(FutureTask.java:264)
at java.base/java.util.concurrent.ThreadPoolExecutor.runWorker(ThreadPoolExecutor.java:1136)
at java.base/java.util.concurrent.ThreadPoolExecutor$Worker.run(ThreadPoolExecutor.java:635)
at java.base/java.lang.Thread.run(Thread.java:833)
... Removed 22 stack frames]]>
    </failure>
  </testcase> <!-- loginPageTitleTest -->
  <testcase classname="com.qa.crm2.tests.LoginPageTest" name="loginPageUrlTest" time="0.027"/>
  <testcase classname="com.qa.crm2.tests.LoginPageTest" name="loginTest" time="1.744"/>
  <testcase classname="com.qa.crm2.tests.SearchResultsTest" name="searchResultsCountTest" time="39.604"/>
  <testcase classname="com.qa.crm2.tests.LoginPageTest" name="loginPageTitleTest" time="2.066">
    <skipped/>
  </testcase> <!-- loginPageTitleTest -->
  <testcase classname="com.qa.crm2.tests.SearchResultsTest" name="searchResultsCountTest" time="2.083"/>
  <testcase classname="com.qa.crm2.tests.LoginPageTest" name="loginPageTitleTest" time="2.12">
    <failure type="java.lang.AssertionError" message="=====PAGE TITLE NOT FOUND===== expected [Account Login1] but found [Account Login]">
      <![CDATA[java.lang.AssertionError: =====PAGE TITLE NOT FOUND===== expected [Account Login1] but found [Account Login]
at com.qa.crm2.tests.LoginPageTest.loginPageTitleTest(LoginPageTest.java:30)
at java.base/java.util.ArrayList.forEach(ArrayList.java:1511)
at java.base/java.util.concurrent.FutureTask.run(FutureTask.java:264)
at java.base/java.util.concurrent.ThreadPoolExecutor.runWorker(ThreadPoolExecutor.java:1136)
at java.base/java.util.concurrent.ThreadPoolExecutor$Worker.run(ThreadPoolExecutor.java:635)
at java.base/java.lang.Thread.run(Thread.java:833)
... Removed 22 stack frames]]>
    </failure>
  </testcase> <!-- loginPageTitleTest -->
  <testcase classname="com.qa.crm2.tests.ProductPageInfoTest" name="addItemTest" time="48.669">
    <skipped/>
  </testcase> <!-- addItemTest -->
  <testcase classname="com.qa.crm2.tests.LoginPageTest" name="loginPageUrlTest" time="35.018"/>
  <testcase classname="com.qa.crm2.tests.SearchResultsTest" name="searchResultsCountTest" time="36.629"/>
  <testcase classname="com.qa.crm2.tests.SearchResultsTest" name="searchResultsTest" time="0.494"/>
  <testcase classname="com.qa.crm2.tests.LoginPageTest" name="loginTest" time="7.748"/>
</testsuite> <!-- Login Page Test -->
