{"uuid":"186d2749-2659-44de-b3a7-91e4454da026","name":"Search Results Page Test","children":["67cc69cd-47cb-46a5-b809-2113d53f4a58","2887cb3f-68e7-4eb8-b59c-d36dfc5b4fb2"],"befores":[{"name":"setup","status":"broken","statusDetails":{"known":false,"muted":false,"flaky":false,"message":"Cannot invoke \"String.trim()\" because the return value of \"java.util.Properties.getProperty(String)\" is null","trace":"java.lang.NullPointerException: Cannot invoke \"String.trim()\" because the return value of \"java.util.Properties.getProperty(String)\" is null\n\tat com.qa.crm2.factory.OptionsManager.getChromeOptions(OptionsManager.java:33)\n\tat com.qa.crm2.factory.DriverFactory.init_remoteDriver(DriverFactory.java:107)\n\tat com.qa.crm2.factory.DriverFactory.initDriver(DriverFactory.java:49)\n\tat com.qa.crm2.base.BaseTest.setup(BaseTest.java:45)\n\tat java.base/jdk.internal.reflect.NativeMethodAccessorImpl.invoke0(Native Method)\n\tat java.base/jdk.internal.reflect.NativeMethodAccessorImpl.invoke(NativeMethodAccessorImpl.java:77)\n\tat java.base/jdk.internal.reflect.DelegatingMethodAccessorImpl.invoke(DelegatingMethodAccessorImpl.java:43)\n\tat java.base/java.lang.reflect.Method.invoke(Method.java:568)\n\tat org.testng.internal.invokers.MethodInvocationHelper.invokeMethod(MethodInvocationHelper.java:141)\n\tat org.testng.internal.invokers.MethodInvocationHelper.invokeMethodConsideringTimeout(MethodInvocationHelper.java:71)\n\tat org.testng.internal.invokers.ConfigInvoker.invokeConfigurationMethod(ConfigInvoker.java:400)\n\tat org.testng.internal.invokers.ConfigInvoker.invokeConfigurations(ConfigInvoker.java:333)\n\tat org.testng.TestRunner.invokeTestConfigurations(TestRunner.java:655)\n\tat org.testng.TestRunner.beforeRun(TestRunner.java:644)\n\tat org.testng.TestRunner.run(TestRunner.java:610)\n\tat org.testng.SuiteRunner.runTest(SuiteRunner.java:421)\n\tat org.testng.SuiteRunner$SuiteWorker.run(SuiteRunner.java:463)\n\tat org.testng.internal.thread.ThreadUtil.lambda$execute$0(ThreadUtil.java:64)\n\tat java.base/java.util.concurrent.FutureTask.run(FutureTask.java:264)\n\tat java.base/java.util.concurrent.ThreadPoolExecutor.runWorker(ThreadPoolExecutor.java:1136)\n\tat java.base/java.util.concurrent.ThreadPoolExecutor$Worker.run(ThreadPoolExecutor.java:635)\n\tat java.base/java.lang.Thread.run(Thread.java:833)\n"},"stage":"finished","description":"","steps":[{"name":"Launching chrome browser & init the properties","status":"broken","statusDetails":{"known":false,"muted":false,"flaky":false,"message":"Cannot invoke \"String.trim()\" because the return value of \"java.util.Properties.getProperty(String)\" is null","trace":"java.lang.NullPointerException: Cannot invoke \"String.trim()\" because the return value of \"java.util.Properties.getProperty(String)\" is null\n\tat com.qa.crm2.factory.OptionsManager.getChromeOptions(OptionsManager.java:33)\n\tat com.qa.crm2.factory.DriverFactory.init_remoteDriver(DriverFactory.java:107)\n\tat com.qa.crm2.factory.DriverFactory.initDriver(DriverFactory.java:49)\n\tat com.qa.crm2.base.BaseTest.setup(BaseTest.java:45)\n\tat java.base/jdk.internal.reflect.NativeMethodAccessorImpl.invoke0(Native Method)\n\tat java.base/jdk.internal.reflect.NativeMethodAccessorImpl.invoke(NativeMethodAccessorImpl.java:77)\n\tat java.base/jdk.internal.reflect.DelegatingMethodAccessorImpl.invoke(DelegatingMethodAccessorImpl.java:43)\n\tat java.base/java.lang.reflect.Method.invoke(Method.java:568)\n\tat org.testng.internal.invokers.MethodInvocationHelper.invokeMethod(MethodInvocationHelper.java:141)\n\tat org.testng.internal.invokers.MethodInvocationHelper.invokeMethodConsideringTimeout(MethodInvocationHelper.java:71)\n\tat org.testng.internal.invokers.ConfigInvoker.invokeConfigurationMethod(ConfigInvoker.java:400)\n\tat org.testng.internal.invokers.ConfigInvoker.invokeConfigurations(ConfigInvoker.java:333)\n\tat org.testng.TestRunner.invokeTestConfigurations(TestRunner.java:655)\n\tat org.testng.TestRunner.beforeRun(TestRunner.java:644)\n\tat org.testng.TestRunner.run(TestRunner.java:610)\n\tat org.testng.SuiteRunner.runTest(SuiteRunner.java:421)\n\tat org.testng.SuiteRunner$SuiteWorker.run(SuiteRunner.java:463)\n\tat org.testng.internal.thread.ThreadUtil.lambda$execute$0(ThreadUtil.java:64)\n\tat java.base/java.util.concurrent.FutureTask.run(FutureTask.java:264)\n\tat java.base/java.util.concurrent.ThreadPoolExecutor.runWorker(ThreadPoolExecutor.java:1136)\n\tat java.base/java.util.concurrent.ThreadPoolExecutor$Worker.run(ThreadPoolExecutor.java:635)\n\tat java.base/java.lang.Thread.run(Thread.java:833)\n"},"stage":"finished","steps":[],"attachments":[],"parameters":[{"name":"browserName","value":"chrome"}],"start":1753580465261,"stop":1753580501134}],"attachments":[],"parameters":[],"start":1753580465090,"stop":1753580501139}],"afters":[{"name":"tearDown","status":"broken","stage":"finished","description":"","steps":[],"attachments":[],"parameters":[],"start":1753580501767,"stop":1753580501768}],"start":1753580464995,"stop":1753580502559}