<?xml version="1.0" encoding="UTF-8"?>
<testsuite xmlns:xsi="http://www.w3.org/2001/XMLSchema-instance" xsi:noNamespaceSchemaLocation="https://maven.apache.org/surefire/maven-surefire-plugin/xsd/surefire-test-report.xsd" name="TestSuite" time="305.781" tests="38" errors="0" skipped="12" failures="3">
  <properties>
    <property name="java.specification.version" value="17"/>
    <property name="sun.jnu.encoding" value="UTF-8"/>
    <property name="java.class.path" value="/Applications/Eclipse.app/Contents/Eclipse/plugins/org.eclipse.m2e.maven.runtime_3.8.601.20220820-1147/jars/plexus-classworlds-2.6.0.jar"/>
    <property name="java.vm.vendor" value="Eclipse Adoptium"/>
    <property name="sun.arch.data.model" value="64"/>
    <property name="java.vendor.url" value="https://adoptium.net/"/>
    <property name="user.timezone" value="Asia/Kolkata"/>
    <property name="java.vm.specification.version" value="17"/>
    <property name="os.name" value="Mac OS X"/>
    <property name="sun.java.launcher" value="SUN_STANDARD"/>
    <property name="user.country" value="IN"/>
    <property name="sun.boot.library.path" value="/Applications/Eclipse.app/Contents/Eclipse/plugins/org.eclipse.justj.openjdk.hotspot.jre.full.macosx.x86_64_17.0.4.v20220903-1038/jre/lib"/>
    <property name="sun.java.command" value="org.codehaus.plexus.classworlds.launcher.Launcher -B -Dstyle.color=always install"/>
    <property name="http.nonProxyHosts" value="local|*.local|169.254/16|*.169.254/16"/>
    <property name="jdk.debug" value="release"/>
    <property name="maven.home" value="/Users/pravalmishra/Automation/CRM2_UI/EMBEDDED"/>
    <property name="sun.cpu.endian" value="little"/>
    <property name="user.home" value="/Users/pravalmishra"/>
    <property name="user.language" value="en"/>
    <property name="java.specification.vendor" value="Oracle Corporation"/>
    <property name="jansi.mode" value="force"/>
    <property name="java.version.date" value="2022-08-12"/>
    <property name="java.home" value="/Applications/Eclipse.app/Contents/Eclipse/plugins/org.eclipse.justj.openjdk.hotspot.jre.full.macosx.x86_64_17.0.4.v20220903-1038/jre"/>
    <property name="file.separator" value="/"/>
    <property name="style.color" value="always"/>
    <property name="java.vm.compressedOopsMode" value="Zero based"/>
    <property name="line.separator" value="&#10;"/>
    <property name="java.vm.specification.vendor" value="Oracle Corporation"/>
    <property name="java.specification.name" value="Java Platform API Specification"/>
    <property name="sun.management.compiler" value="HotSpot 64-Bit Tiered Compilers"/>
    <property name="ftp.nonProxyHosts" value="local|*.local|169.254/16|*.169.254/16"/>
    <property name="java.runtime.version" value="17.0.4.1+1"/>
    <property name="user.name" value="pravalmishra"/>
    <property name="path.separator" value=":"/>
    <property name="os.version" value="15.5"/>
    <property name="java.runtime.name" value="OpenJDK Runtime Environment"/>
    <property name="file.encoding" value="UTF-8"/>
    <property name="guice.disable.misplaced.annotation.check" value="true"/>
    <property name="java.vm.name" value="OpenJDK 64-Bit Server VM"/>
    <property name="java.vendor.version" value="Temurin-17.0.4.1+1"/>
    <property name="java.vendor.url.bug" value="https://github.com/adoptium/adoptium-support/issues"/>
    <property name="java.io.tmpdir" value="/var/folders/c6/3l582mb97j5g39p7sx8wptj80000gp/T/"/>
    <property name="java.version" value="17.0.4.1"/>
    <property name="user.dir" value="/Users/pravalmishra/Automation/CRM2_UI"/>
    <property name="os.arch" value="x86_64"/>
    <property name="maven.multiModuleProjectDirectory" value="/Users/pravalmishra/Automation/CRM2_UI"/>
    <property name="java.vm.specification.name" value="Java Virtual Machine Specification"/>
    <property name="native.encoding" value="UTF-8"/>
    <property name="java.library.path" value="/Users/pravalmishra/Library/Java/Extensions:/Library/Java/Extensions:/Network/Library/Java/Extensions:/System/Library/Java/Extensions:/usr/lib/java:."/>
    <property name="java.vm.info" value="mixed mode"/>
    <property name="java.vendor" value="Eclipse Adoptium"/>
    <property name="java.vm.version" value="17.0.4.1+1"/>
    <property name="classworlds.conf" value="/Users/pravalmishra/Automation/.metadata/.plugins/org.eclipse.m2e.launching/launches/m2conf18204953348065335625.tmp"/>
    <property name="sun.io.unicode.encoding" value="UnicodeBig"/>
    <property name="socksNonProxyHosts" value="local|*.local|169.254/16|*.169.254/16"/>
    <property name="java.class.version" value="61.0"/>
  </properties>
  <testcase name="forgotPwdLinkExistTest" classname="com.qa.crm2.tests.LoginPageTest" time="27.61"/>
  <testcase name="forgotPwdLinkExistTest" classname="com.qa.crm2.tests.LoginPageTest" time="1.773"/>
  <testcase name="accPageHeadersTest" classname="com.qa.crm2.tests.AccountsPageTest" time="1.826"/>
  <testcase name="accPageTitleTest" classname="com.qa.crm2.tests.AccountsPageTest" time="0.012"/>
  <testcase name="accPageURLTest" classname="com.qa.crm2.tests.AccountsPageTest" time="0.01"/>
  <testcase name="isLogoutLinkExistTest" classname="com.qa.crm2.tests.AccountsPageTest" time="0.067"/>
  <testcase name="isMyAccountLinkExistTest" classname="com.qa.crm2.tests.AccountsPageTest" time="0.02"/>
  <testcase name="loginPageTitleTest" classname="com.qa.crm2.tests.LoginPageTest" time="0">
    <skipped message="=====PAGE TITLE NOT FOUND===== expected [Account Login1] but found [Account Login]"/>
    <system-out><![CDATA[isMyAccountLinkExistTest passed!
I am in onTestStart method searchTest start
searchTest started!
Searching for : macbook
title is not found within : 2
2025-07-25 19:03:21,171 INFO com.qa.crm2.logger.Log [TestNG-tests-2] Login Page title :Account Login
login page title : Account Login
I am in onTestSkipped method loginPageTitleTest skipped
]]></system-out>
  </testcase>
  <testcase name="loginPageTitleTest" classname="com.qa.crm2.tests.LoginPageTest" time="0">
    <skipped message="=====PAGE TITLE NOT FOUND===== expected [Account Login1] but found [Account Login]"/>
    <system-out><![CDATA[forgotPwdLinkExistTest passed!
I am in onTestStart method loginPageTitleTest start
loginPageTitleTest started!
title is not found within : 2
2025-07-25 19:03:23,455 INFO com.qa.crm2.logger.Log [TestNG-tests-2] Login Page title :Account Login
login page title : Account Login
I am in onTestSkipped method loginPageTitleTest skipped
]]></system-out>
  </testcase>
  <testcase name="loginPageTitleTest" classname="com.qa.crm2.tests.LoginPageTest" time="0">
    <skipped message="=====PAGE TITLE NOT FOUND===== expected [Account Login1] but found [Account Login]"/>
    <system-out><![CDATA[I am in onFinish method Register Page Test
Test Suite is ending!
title is not found within : 2
2025-07-25 19:03:25,212 INFO com.qa.crm2.logger.Log [TestNG-tests-1] Login Page title :Account Login
login page title : Account Login
I am in onTestSkipped method loginPageTitleTest skipped
]]></system-out>
    <system-err><![CDATA[log4j:WARN No appenders could be found for logger (freemarker.cache).
log4j:WARN Please initialize the log4j system properly.
]]></system-err>
  </testcase>
  <testcase name="loginPageTitleTest" classname="com.qa.crm2.tests.LoginPageTest" time="0">
    <skipped message="=====PAGE TITLE NOT FOUND===== expected [Account Login1] but found [Account Login]"/>
    <system-out><![CDATA[loginPageTitleTest skipped!
title is not found within : 2
2025-07-25 19:03:25,671 INFO com.qa.crm2.logger.Log [TestNG-tests-2] Login Page title :Account Login
login page title : Account Login
I am in onTestSkipped method loginPageTitleTest skipped
]]></system-out>
  </testcase>
  <testcase name="loginPageTitleTest" classname="com.qa.crm2.tests.LoginPageTest" time="0">
    <skipped message="=====PAGE TITLE NOT FOUND===== expected [Account Login1] but found [Account Login]"/>
    <system-out><![CDATA[addToCartPageTitleTest passed!
searchResultsCountTest started!
loginPageTitleTest skipped!
Searching for : macbook
I am in onTestStart method loginPageTitleTest start
addItemTest started!
I am in onTestStart method loginPageTitleTest start
Searching for : macbook
loginPageTitleTest started!
loginPageTitleTest started!
title is not found within : 2
title is not found within : 2
2025-07-25 19:03:28,370 INFO com.qa.crm2.logger.Log [TestNG-tests-1] Login Page title :Account Login
2025-07-25 19:03:28,370 INFO com.qa.crm2.logger.Log [TestNG-tests-2] Login Page title :Account Login
login page title : Account Login
login page title : Account Login
I am in onTestSkipped method loginPageTitleTest skipped
]]></system-out>
  </testcase>
  <testcase name="loginPageTitleTest" classname="com.qa.crm2.tests.LoginPageTest" time="0.018">
    <failure message="=====PAGE TITLE NOT FOUND===== expected [Account Login1] but found [Account Login]" type="java.lang.AssertionError">java.lang.AssertionError: =====PAGE TITLE NOT FOUND===== expected [Account Login1] but found [Account Login]
	at com.qa.crm2.tests.LoginPageTest.loginPageTitleTest(LoginPageTest.java:30)
</failure>
    <system-out><![CDATA[I am in onTestFailure method loginPageTitleTest failed
Screenshot captured for test case:loginPageTitleTest
loginPageTitleTest skipped!
I am in onTestStart method loginPageTitleTest start
loginPageTitleTest started!
]]></system-out>
  </testcase>
  <testcase name="loginPageTitleTest" classname="com.qa.crm2.tests.LoginPageTest" time="0">
    <skipped message="=====PAGE TITLE NOT FOUND===== expected [Account Login1] but found [Account Login]"/>
    <system-out><![CDATA[searchResultsCountTest passed!
I am in onTestStart method searchResultsCountTest start
searchResultsCountTest started!
Searching for : imac
title is not found within : 2
2025-07-25 19:03:30,658 INFO com.qa.crm2.logger.Log [TestNG-tests-1] Login Page title :Account Login
login page title : Account Login
I am in onTestSkipped method loginPageTitleTest skipped
]]></system-out>
  </testcase>
  <testcase name="loginPageTitleTest" classname="com.qa.crm2.tests.LoginPageTest" time="0.467">
    <failure message="=====PAGE TITLE NOT FOUND===== expected [Account Login1] but found [Account Login]" type="java.lang.AssertionError">java.lang.AssertionError: =====PAGE TITLE NOT FOUND===== expected [Account Login1] but found [Account Login]
	at com.qa.crm2.tests.LoginPageTest.loginPageTitleTest(LoginPageTest.java:30)
</failure>
    <system-out><![CDATA[searchResultsCountTest passed!
I am in onTestStart method searchResultsCountTest start
title is not found within : 2
2025-07-25 19:03:32,986 INFO com.qa.crm2.logger.Log [TestNG-tests-1] Login Page title :Account Login
login page title : Account Login
I am in onTestFailure method loginPageTitleTest failed
Screenshot captured for test case:loginPageTitleTest
]]></system-out>
  </testcase>
  <testcase name="searchTest" classname="com.qa.crm2.tests.AccountsPageTest" time="0.406"/>
  <testcase name="setup" classname="com.qa.crm2.tests.RegPageTest" time="1.334">
    <failure message="&#10;Parameter &apos;browser&apos; is required by BeforeTest on method setup but has not been marked @Optional or defined&#10;in /Users/pravalmishra/Automation/CRM2_UI/src/test/resources/testrunners/testng_regression.xml" type="org.testng.TestNGException">org.testng.TestNGException: 

Parameter 'browser' is required by BeforeTest on method setup but has not been marked @Optional or defined
in /Users/pravalmishra/Automation/CRM2_UI/src/test/resources/testrunners/testng_regression.xml
</failure>
    <system-out><![CDATA[searchTest passed!
addToCartPageTitleTest started!
Searching for : macbook
forgotPwdLinkExistTest started!
I am in onStart method Register Page Test
Test Suite started!
]]></system-out>
  </testcase>
  <testcase name="regSetup" classname="com.qa.crm2.tests.RegPageTest" time="0">
    <skipped/>
  </testcase>
  <testcase name="userRegTest" classname="com.qa.crm2.tests.RegPageTest" time="0">
    <skipped message="&#10;Parameter &apos;browser&apos; is required by BeforeTest on method setup but has not been marked @Optional or defined&#10;in /Users/pravalmishra/Automation/CRM2_UI/src/test/resources/testrunners/testng_regression.xml"/>
    <system-out><![CDATA[loginPageTitleTest skipped!
I am in onTestStart method loginPageTitleTest start
loginPageTitleTest started!
I am in onTestStart method userRegTest start
userRegTest started!
I am in onTestSkipped method userRegTest skipped
]]></system-out>
  </testcase>
  <testcase name="tearDown" classname="com.qa.crm2.tests.RegPageTest" time="0">
    <skipped/>
    <system-out><![CDATA[userRegTest skipped!
I am in onTestFailure method userRegTest failed
Screenshot captured for test case:userRegTest
]]></system-out>
  </testcase>
  <testcase name="addToCartPageTitleTest" classname="com.qa.crm2.tests.AddToCartPageTest" time="2.44"/>
  <testcase name="loginPageUrlTest" classname="com.qa.crm2.tests.LoginPageTest" time="0.028"/>
  <testcase name="loginPageUrlTest" classname="com.qa.crm2.tests.LoginPageTest" time="28.206"/>
  <testcase name="loginTest" classname="com.qa.crm2.tests.LoginPageTest" time="1.748"/>
  <testcase name="loginTest" classname="com.qa.crm2.tests.LoginPageTest" time="6.787"/>
  <testcase name="searchResultsCountTest" classname="com.qa.crm2.tests.SearchResultsTest" time="1.859"/>
  <testcase name="searchResultsCountTest" classname="com.qa.crm2.tests.SearchResultsTest" time="1.827"/>
  <testcase name="searchResultsCountTest" classname="com.qa.crm2.tests.SearchResultsTest" time="0.959"/>
  <testcase name="addItemTest" classname="com.qa.crm2.tests.ProductPageInfoTest" time="0">
    <skipped message="Expected condition failed: waiting for visibility of element located by By.xpath: //a[text()=&apos;shopping cart&apos;] (tried for 5 second(s) with 500 milliseconds interval)&#10;Build info: version: &apos;4.22.0&apos;, revision: &apos;c5f3146703*&apos;&#10;System info: os.name: &apos;Mac OS X&apos;, os.arch: &apos;x86_64&apos;, os.version: &apos;15.5&apos;, java.version: &apos;17.0.4.1&apos;&#10;Driver info: org.openqa.selenium.chrome.ChromeDriver&#10;Capabilities {acceptInsecureCerts: false, browserName: chrome, browserVersion: 138.0.7204.169, chrome: {chromedriverVersion: 138.0.7204.168 (3e8d82e86e9..., userDataDir: /var/folders/c6/3l582mb97j5...}, fedcm:accounts: true, goog:chromeOptions: {debuggerAddress: localhost:57308}, networkConnectionEnabled: false, pageLoadStrategy: normal, platformName: mac, proxy: Proxy(), se:cdp: ws://localhost:57308/devtoo..., se:cdpVersion: 138.0.7204.169, setWindowRect: true, strictFileInteractability: false, timeouts: {implicit: 0, pageLoad: 300000, script: 30000}, unhandledPromptBehavior: dismiss and notify, webauthn:extension:credBlob: true, webauthn:extension:largeBlob: true, webauthn:extension:minPinLength: true, webauthn:extension:prf: true, webauthn:virtualAuthenticators: true}&#10;Session ID: 669acef06d218b58625f4c2f2c01a324"/>
    <system-out><![CDATA[loginPageTitleTest failed!
I am in onTestStart method loginPageUrlTest start
I am in onTestSkipped method addItemTest skipped
]]></system-out>
  </testcase>
  <testcase name="addItemTest" classname="com.qa.crm2.tests.ProductPageInfoTest" time="11.345"/>
  <testcase name="searchResultsTest" classname="com.qa.crm2.tests.SearchResultsTest" time="0.494"/>
  <testcase name="productHeaderTest" classname="com.qa.crm2.tests.ProductPageInfoTest" time="39.788"/>
  <testcase name="productHeaderTest" classname="com.qa.crm2.tests.ProductPageInfoTest" time="2.861"/>
  <testcase name="productHeaderTest" classname="com.qa.crm2.tests.ProductPageInfoTest" time="40.189"/>
  <testcase name="productHeaderTest" classname="com.qa.crm2.tests.ProductPageInfoTest" time="39.687"/>
  <testcase name="productImagesCountTest" classname="com.qa.crm2.tests.ProductPageInfoTest" time="1.721"/>
  <testcase name="productImagesCountTest" classname="com.qa.crm2.tests.ProductPageInfoTest" time="0">
    <skipped message="invalid session id: session deleted as the browser has closed the connection&#10;from disconnected: not connected to DevTools&#10;  (Session info: chrome=138.0.7204.169)&#10;Build info: version: &apos;4.22.0&apos;, revision: &apos;c5f3146703*&apos;&#10;System info: os.name: &apos;Mac OS X&apos;, os.arch: &apos;x86_64&apos;, os.version: &apos;15.5&apos;, java.version: &apos;17.0.4.1&apos;&#10;Driver info: org.openqa.selenium.chrome.ChromeDriver&#10;Command: [669acef06d218b58625f4c2f2c01a324, findElement {value=search, using=name}]&#10;Capabilities {acceptInsecureCerts: false, browserName: chrome, browserVersion: 138.0.7204.169, chrome: {chromedriverVersion: 138.0.7204.168 (3e8d82e86e9..., userDataDir: /var/folders/c6/3l582mb97j5...}, fedcm:accounts: true, goog:chromeOptions: {debuggerAddress: localhost:57308}, networkConnectionEnabled: false, pageLoadStrategy: normal, platformName: mac, proxy: Proxy(), se:cdp: ws://localhost:57308/devtoo..., se:cdpVersion: 138.0.7204.169, setWindowRect: true, strictFileInteractability: false, timeouts: {implicit: 0, pageLoad: 300000, script: 30000}, unhandledPromptBehavior: dismiss and notify, webauthn:extension:credBlob: true, webauthn:extension:largeBlob: true, webauthn:extension:minPinLength: true, webauthn:extension:prf: true, webauthn:virtualAuthenticators: true}&#10;Session ID: 669acef06d218b58625f4c2f2c01a324"/>
    <system-out><![CDATA[productImagesCountTest passed!
I am in onTestStart method productImagesCountTest start
productImagesCountTest started!
Searching for : imac
I am in onTestSkipped method productImagesCountTest skipped
]]></system-out>
  </testcase>
  <testcase name="productImagesCountTest" classname="com.qa.crm2.tests.ProductPageInfoTest" time="0">
    <skipped message="invalid session id&#10;Build info: version: &apos;4.22.0&apos;, revision: &apos;c5f3146703*&apos;&#10;System info: os.name: &apos;Mac OS X&apos;, os.arch: &apos;x86_64&apos;, os.version: &apos;15.5&apos;, java.version: &apos;17.0.4.1&apos;&#10;Driver info: org.openqa.selenium.chrome.ChromeDriver&#10;Command: [669acef06d218b58625f4c2f2c01a324, findElement {value=search, using=name}]&#10;Capabilities {acceptInsecureCerts: false, browserName: chrome, browserVersion: 138.0.7204.169, chrome: {chromedriverVersion: 138.0.7204.168 (3e8d82e86e9..., userDataDir: /var/folders/c6/3l582mb97j5...}, fedcm:accounts: true, goog:chromeOptions: {debuggerAddress: localhost:57308}, networkConnectionEnabled: false, pageLoadStrategy: normal, platformName: mac, proxy: Proxy(), se:cdp: ws://localhost:57308/devtoo..., se:cdpVersion: 138.0.7204.169, setWindowRect: true, strictFileInteractability: false, timeouts: {implicit: 0, pageLoad: 300000, script: 30000}, unhandledPromptBehavior: dismiss and notify, webauthn:extension:credBlob: true, webauthn:extension:largeBlob: true, webauthn:extension:minPinLength: true, webauthn:extension:prf: true, webauthn:virtualAuthenticators: true}&#10;Session ID: 669acef06d218b58625f4c2f2c01a324"/>
    <system-out><![CDATA[productImagesCountTest skipped!
I am in onTestStart method productImagesCountTest start
productImagesCountTest started!
Searching for : imac
I am in onTestSkipped method productImagesCountTest skipped
]]></system-out>
  </testcase>
</testsuite>